Your Requested /api/logoutr ||Error: Your Requested /api/logoutr 
    at CreateError (D:\Project\Development\Runing-work\JWT_Authentication\App\utillity\ErrorHandler.js:6:15)
    at NotFoundError (D:\Project\Development\Runing-work\JWT_Authentication\App\utillity\ErrorHandler.js:18:19)
    at Layer.handle [as handle_request] (D:\Project\Development\Runing-work\JWT_Authentication\node_modules\express\lib\router\layer.js:95:5)
    at trim_prefix (D:\Project\Development\Runing-work\JWT_Authentication\node_modules\express\lib\router\index.js:328:13)
    at D:\Project\Development\Runing-work\JWT_Authentication\node_modules\express\lib\router\index.js:286:9
    at Function.process_params (D:\Project\Development\Runing-work\JWT_Authentication\node_modules\express\lib\router\index.js:346:12)
    at next (D:\Project\Development\Runing-work\JWT_Authentication\node_modules\express\lib\router\index.js:280:10)
    at D:\Project\Development\Runing-work\JWT_Authentication\node_modules\express\lib\router\index.js:646:15
    at next (D:\Project\Development\Runing-work\JWT_Authentication\node_modules\express\lib\router\index.js:265:14)
    at Function.handle (D:\Project\Development\Runing-work\JWT_Authentication\node_modules\express\lib\router\index.js:175:3)||Sun Sep 29 2024 00:56:42 GMT+0600 (Bangladesh Standard Time)
u is not defined||ReferenceError: u is not defined
    at UpdateToken (D:\Project\Development\Runing-work\JWT_Authentication\App\utillity\TolenHelper.js:37:53)
    at AuthVerification (D:\Project\Development\Runing-work\JWT_Authentication\App\middlewares\AuthVerification.js:8:18)
    at Layer.handle [as handle_request] (D:\Project\Development\Runing-work\JWT_Authentication\node_modules\express\lib\router\layer.js:95:5)
    at next (D:\Project\Development\Runing-work\JWT_Authentication\node_modules\express\lib\router\route.js:149:13)
    at Route.dispatch (D:\Project\Development\Runing-work\JWT_Authentication\node_modules\express\lib\router\route.js:119:3)
    at Layer.handle [as handle_request] (D:\Project\Development\Runing-work\JWT_Authentication\node_modules\express\lib\router\layer.js:95:5)
    at D:\Project\Development\Runing-work\JWT_Authentication\node_modules\express\lib\router\index.js:284:15
    at Function.process_params (D:\Project\Development\Runing-work\JWT_Authentication\node_modules\express\lib\router\index.js:346:12)
    at next (D:\Project\Development\Runing-work\JWT_Authentication\node_modules\express\lib\router\index.js:280:10)
    at Function.handle (D:\Project\Development\Runing-work\JWT_Authentication\node_modules\express\lib\router\index.js:175:3)||Sun Sep 29 2024 16:01:37 GMT+0600 (Bangladesh Standard Time)
jwt malformed||JsonWebTokenError: jwt malformed
    at module.exports [as verify] (D:\Project\Development\Runing-work\JWT_Authentication\node_modules\jsonwebtoken\verify.js:70:17)
    at UpdateToken (D:\Project\Development\Runing-work\JWT_Authentication\App\utillity\TolenHelper.js:29:23)
    at AuthVerification (D:\Project\Development\Runing-work\JWT_Authentication\App\middlewares\AuthVerification.js:9:18)
    at Layer.handle [as handle_request] (D:\Project\Development\Runing-work\JWT_Authentication\node_modules\express\lib\router\layer.js:95:5)
    at next (D:\Project\Development\Runing-work\JWT_Authentication\node_modules\express\lib\router\route.js:149:13)
    at Route.dispatch (D:\Project\Development\Runing-work\JWT_Authentication\node_modules\express\lib\router\route.js:119:3)
    at Layer.handle [as handle_request] (D:\Project\Development\Runing-work\JWT_Authentication\node_modules\express\lib\router\layer.js:95:5)
    at D:\Project\Development\Runing-work\JWT_Authentication\node_modules\express\lib\router\index.js:284:15
    at Function.process_params (D:\Project\Development\Runing-work\JWT_Authentication\node_modules\express\lib\router\index.js:346:12)
    at next (D:\Project\Development\Runing-work\JWT_Authentication\node_modules\express\lib\router\index.js:280:10)||Sun Sep 29 2024 16:07:58 GMT+0600 (Bangladesh Standard Time)
jwt malformed||JsonWebTokenError: jwt malformed
    at module.exports [as verify] (D:\Project\Development\Runing-work\JWT_Authentication\node_modules\jsonwebtoken\verify.js:70:17)
    at UpdateToken (D:\Project\Development\Runing-work\JWT_Authentication\App\utillity\TolenHelper.js:29:23)
    at AuthVerification (D:\Project\Development\Runing-work\JWT_Authentication\App\middlewares\AuthVerification.js:9:18)
    at Layer.handle [as handle_request] (D:\Project\Development\Runing-work\JWT_Authentication\node_modules\express\lib\router\layer.js:95:5)
    at next (D:\Project\Development\Runing-work\JWT_Authentication\node_modules\express\lib\router\route.js:149:13)
    at Route.dispatch (D:\Project\Development\Runing-work\JWT_Authentication\node_modules\express\lib\router\route.js:119:3)
    at Layer.handle [as handle_request] (D:\Project\Development\Runing-work\JWT_Authentication\node_modules\express\lib\router\layer.js:95:5)
    at D:\Project\Development\Runing-work\JWT_Authentication\node_modules\express\lib\router\index.js:284:15
    at Function.process_params (D:\Project\Development\Runing-work\JWT_Authentication\node_modules\express\lib\router\index.js:346:12)
    at next (D:\Project\Development\Runing-work\JWT_Authentication\node_modules\express\lib\router\index.js:280:10)||Sun Sep 29 2024 16:08:03 GMT+0600 (Bangladesh Standard Time)
jwt malformed||JsonWebTokenError: jwt malformed
    at module.exports [as verify] (D:\Project\Development\Runing-work\JWT_Authentication\node_modules\jsonwebtoken\verify.js:70:17)
    at UpdateToken (D:\Project\Development\Runing-work\JWT_Authentication\App\utillity\TolenHelper.js:29:23)
    at AuthVerification (D:\Project\Development\Runing-work\JWT_Authentication\App\middlewares\AuthVerification.js:9:18)
    at Layer.handle [as handle_request] (D:\Project\Development\Runing-work\JWT_Authentication\node_modules\express\lib\router\layer.js:95:5)
    at next (D:\Project\Development\Runing-work\JWT_Authentication\node_modules\express\lib\router\route.js:149:13)
    at Route.dispatch (D:\Project\Development\Runing-work\JWT_Authentication\node_modules\express\lib\router\route.js:119:3)
    at Layer.handle [as handle_request] (D:\Project\Development\Runing-work\JWT_Authentication\node_modules\express\lib\router\layer.js:95:5)
    at D:\Project\Development\Runing-work\JWT_Authentication\node_modules\express\lib\router\index.js:284:15
    at Function.process_params (D:\Project\Development\Runing-work\JWT_Authentication\node_modules\express\lib\router\index.js:346:12)
    at next (D:\Project\Development\Runing-work\JWT_Authentication\node_modules\express\lib\router\index.js:280:10)||Sun Sep 29 2024 16:08:07 GMT+0600 (Bangladesh Standard Time)
jwt malformed||JsonWebTokenError: jwt malformed
    at module.exports [as verify] (D:\Project\Development\Runing-work\JWT_Authentication\node_modules\jsonwebtoken\verify.js:70:17)
    at UpdateToken (D:\Project\Development\Runing-work\JWT_Authentication\App\utillity\TolenHelper.js:29:23)
    at AuthVerification (D:\Project\Development\Runing-work\JWT_Authentication\App\middlewares\AuthVerification.js:9:18)
    at Layer.handle [as handle_request] (D:\Project\Development\Runing-work\JWT_Authentication\node_modules\express\lib\router\layer.js:95:5)
    at next (D:\Project\Development\Runing-work\JWT_Authentication\node_modules\express\lib\router\route.js:149:13)
    at Route.dispatch (D:\Project\Development\Runing-work\JWT_Authentication\node_modules\express\lib\router\route.js:119:3)
    at Layer.handle [as handle_request] (D:\Project\Development\Runing-work\JWT_Authentication\node_modules\express\lib\router\layer.js:95:5)
    at D:\Project\Development\Runing-work\JWT_Authentication\node_modules\express\lib\router\index.js:284:15
    at Function.process_params (D:\Project\Development\Runing-work\JWT_Authentication\node_modules\express\lib\router\index.js:346:12)
    at next (D:\Project\Development\Runing-work\JWT_Authentication\node_modules\express\lib\router\index.js:280:10)||Sun Sep 29 2024 16:08:10 GMT+0600 (Bangladesh Standard Time)
user_id is not defined||ReferenceError: user_id is not defined
    at AuthVerification (D:\Project\Development\Runing-work\JWT_Authentication\App\middlewares\AuthVerification.js:13:33)
    at Layer.handle [as handle_request] (D:\Project\Development\Runing-work\JWT_Authentication\node_modules\express\lib\router\layer.js:95:5)
    at next (D:\Project\Development\Runing-work\JWT_Authentication\node_modules\express\lib\router\route.js:149:13)
    at Route.dispatch (D:\Project\Development\Runing-work\JWT_Authentication\node_modules\express\lib\router\route.js:119:3)
    at Layer.handle [as handle_request] (D:\Project\Development\Runing-work\JWT_Authentication\node_modules\express\lib\router\layer.js:95:5)
    at D:\Project\Development\Runing-work\JWT_Authentication\node_modules\express\lib\router\index.js:284:15
    at Function.process_params (D:\Project\Development\Runing-work\JWT_Authentication\node_modules\express\lib\router\index.js:346:12)
    at next (D:\Project\Development\Runing-work\JWT_Authentication\node_modules\express\lib\router\index.js:280:10)
    at Function.handle (D:\Project\Development\Runing-work\JWT_Authentication\node_modules\express\lib\router\index.js:175:3)
    at router (D:\Project\Development\Runing-work\JWT_Authentication\node_modules\express\lib\router\index.js:47:12)||Sun Sep 29 2024 16:16:57 GMT+0600 (Bangladesh Standard Time)
user_id is not defined||ReferenceError: user_id is not defined
    at AuthVerification (D:\Project\Development\Runing-work\JWT_Authentication\App\middlewares\AuthVerification.js:13:33)
    at Layer.handle [as handle_request] (D:\Project\Development\Runing-work\JWT_Authentication\node_modules\express\lib\router\layer.js:95:5)
    at next (D:\Project\Development\Runing-work\JWT_Authentication\node_modules\express\lib\router\route.js:149:13)
    at Route.dispatch (D:\Project\Development\Runing-work\JWT_Authentication\node_modules\express\lib\router\route.js:119:3)
    at Layer.handle [as handle_request] (D:\Project\Development\Runing-work\JWT_Authentication\node_modules\express\lib\router\layer.js:95:5)
    at D:\Project\Development\Runing-work\JWT_Authentication\node_modules\express\lib\router\index.js:284:15
    at Function.process_params (D:\Project\Development\Runing-work\JWT_Authentication\node_modules\express\lib\router\index.js:346:12)
    at next (D:\Project\Development\Runing-work\JWT_Authentication\node_modules\express\lib\router\index.js:280:10)
    at Function.handle (D:\Project\Development\Runing-work\JWT_Authentication\node_modules\express\lib\router\index.js:175:3)
    at router (D:\Project\Development\Runing-work\JWT_Authentication\node_modules\express\lib\router\index.js:47:12)||Sun Sep 29 2024 16:17:01 GMT+0600 (Bangladesh Standard Time)
user_id is not defined||ReferenceError: user_id is not defined
    at AuthVerification (D:\Project\Development\Runing-work\JWT_Authentication\App\middlewares\AuthVerification.js:13:33)
    at Layer.handle [as handle_request] (D:\Project\Development\Runing-work\JWT_Authentication\node_modules\express\lib\router\layer.js:95:5)
    at next (D:\Project\Development\Runing-work\JWT_Authentication\node_modules\express\lib\router\route.js:149:13)
    at Route.dispatch (D:\Project\Development\Runing-work\JWT_Authentication\node_modules\express\lib\router\route.js:119:3)
    at Layer.handle [as handle_request] (D:\Project\Development\Runing-work\JWT_Authentication\node_modules\express\lib\router\layer.js:95:5)
    at D:\Project\Development\Runing-work\JWT_Authentication\node_modules\express\lib\router\index.js:284:15
    at Function.process_params (D:\Project\Development\Runing-work\JWT_Authentication\node_modules\express\lib\router\index.js:346:12)
    at next (D:\Project\Development\Runing-work\JWT_Authentication\node_modules\express\lib\router\index.js:280:10)
    at Function.handle (D:\Project\Development\Runing-work\JWT_Authentication\node_modules\express\lib\router\index.js:175:3)
    at router (D:\Project\Development\Runing-work\JWT_Authentication\node_modules\express\lib\router\index.js:47:12)||Sun Sep 29 2024 16:18:40 GMT+0600 (Bangladesh Standard Time)
Update is not defined||ReferenceError: Update is not defined
    at AuthVerification (D:\Project\Development\Runing-work\JWT_Authentication\App\middlewares\AuthVerification.js:29:17)
    at Layer.handle [as handle_request] (D:\Project\Development\Runing-work\JWT_Authentication\node_modules\express\lib\router\layer.js:95:5)
    at next (D:\Project\Development\Runing-work\JWT_Authentication\node_modules\express\lib\router\route.js:149:13)
    at Route.dispatch (D:\Project\Development\Runing-work\JWT_Authentication\node_modules\express\lib\router\route.js:119:3)
    at Layer.handle [as handle_request] (D:\Project\Development\Runing-work\JWT_Authentication\node_modules\express\lib\router\layer.js:95:5)
    at D:\Project\Development\Runing-work\JWT_Authentication\node_modules\express\lib\router\index.js:284:15
    at Function.process_params (D:\Project\Development\Runing-work\JWT_Authentication\node_modules\express\lib\router\index.js:346:12)
    at next (D:\Project\Development\Runing-work\JWT_Authentication\node_modules\express\lib\router\index.js:280:10)
    at Function.handle (D:\Project\Development\Runing-work\JWT_Authentication\node_modules\express\lib\router\index.js:175:3)
    at router (D:\Project\Development\Runing-work\JWT_Authentication\node_modules\express\lib\router\index.js:47:12)||Sun Sep 29 2024 16:23:45 GMT+0600 (Bangladesh Standard Time)
Update is not defined||ReferenceError: Update is not defined
    at AuthVerification (D:\Project\Development\Runing-work\JWT_Authentication\App\middlewares\AuthVerification.js:29:17)
    at Layer.handle [as handle_request] (D:\Project\Development\Runing-work\JWT_Authentication\node_modules\express\lib\router\layer.js:95:5)
    at next (D:\Project\Development\Runing-work\JWT_Authentication\node_modules\express\lib\router\route.js:149:13)
    at Route.dispatch (D:\Project\Development\Runing-work\JWT_Authentication\node_modules\express\lib\router\route.js:119:3)
    at Layer.handle [as handle_request] (D:\Project\Development\Runing-work\JWT_Authentication\node_modules\express\lib\router\layer.js:95:5)
    at D:\Project\Development\Runing-work\JWT_Authentication\node_modules\express\lib\router\index.js:284:15
    at Function.process_params (D:\Project\Development\Runing-work\JWT_Authentication\node_modules\express\lib\router\index.js:346:12)
    at next (D:\Project\Development\Runing-work\JWT_Authentication\node_modules\express\lib\router\index.js:280:10)
    at Function.handle (D:\Project\Development\Runing-work\JWT_Authentication\node_modules\express\lib\router\index.js:175:3)
    at router (D:\Project\Development\Runing-work\JWT_Authentication\node_modules\express\lib\router\index.js:47:12)||Sun Sep 29 2024 16:23:48 GMT+0600 (Bangladesh Standard Time)
Cannot read properties of undefined (reading 'email')||TypeError: Cannot read properties of undefined (reading 'email')
    at AuthVerification (D:\Project\Development\Runing-work\JWT_Authentication\App\middlewares\AuthVerification.js:11:32)
    at Layer.handle [as handle_request] (D:\Project\Development\Runing-work\JWT_Authentication\node_modules\express\lib\router\layer.js:95:5)
    at next (D:\Project\Development\Runing-work\JWT_Authentication\node_modules\express\lib\router\route.js:149:13)
    at Route.dispatch (D:\Project\Development\Runing-work\JWT_Authentication\node_modules\express\lib\router\route.js:119:3)
    at Layer.handle [as handle_request] (D:\Project\Development\Runing-work\JWT_Authentication\node_modules\express\lib\router\layer.js:95:5)
    at D:\Project\Development\Runing-work\JWT_Authentication\node_modules\express\lib\router\index.js:284:15
    at Function.process_params (D:\Project\Development\Runing-work\JWT_Authentication\node_modules\express\lib\router\index.js:346:12)
    at next (D:\Project\Development\Runing-work\JWT_Authentication\node_modules\express\lib\router\index.js:280:10)
    at Function.handle (D:\Project\Development\Runing-work\JWT_Authentication\node_modules\express\lib\router\index.js:175:3)
    at router (D:\Project\Development\Runing-work\JWT_Authentication\node_modules\express\lib\router\index.js:47:12)||Sun Sep 29 2024 17:53:54 GMT+0600 (Bangladesh Standard Time)
Cannot read properties of undefined (reading 'email')||TypeError: Cannot read properties of undefined (reading 'email')
    at AuthVerification (D:\Project\Development\Runing-work\JWT_Authentication\App\middlewares\AuthVerification.js:11:32)
    at Layer.handle [as handle_request] (D:\Project\Development\Runing-work\JWT_Authentication\node_modules\express\lib\router\layer.js:95:5)
    at next (D:\Project\Development\Runing-work\JWT_Authentication\node_modules\express\lib\router\route.js:149:13)
    at Route.dispatch (D:\Project\Development\Runing-work\JWT_Authentication\node_modules\express\lib\router\route.js:119:3)
    at Layer.handle [as handle_request] (D:\Project\Development\Runing-work\JWT_Authentication\node_modules\express\lib\router\layer.js:95:5)
    at D:\Project\Development\Runing-work\JWT_Authentication\node_modules\express\lib\router\index.js:284:15
    at Function.process_params (D:\Project\Development\Runing-work\JWT_Authentication\node_modules\express\lib\router\index.js:346:12)
    at next (D:\Project\Development\Runing-work\JWT_Authentication\node_modules\express\lib\router\index.js:280:10)
    at Function.handle (D:\Project\Development\Runing-work\JWT_Authentication\node_modules\express\lib\router\index.js:175:3)
    at router (D:\Project\Development\Runing-work\JWT_Authentication\node_modules\express\lib\router\index.js:47:12)||Sun Sep 29 2024 17:53:58 GMT+0600 (Bangladesh Standard Time)
Cannot read properties of undefined (reading 'email')||TypeError: Cannot read properties of undefined (reading 'email')
    at AuthVerification (D:\Project\Development\Runing-work\JWT_Authentication\App\middlewares\AuthVerification.js:11:33)
    at Layer.handle [as handle_request] (D:\Project\Development\Runing-work\JWT_Authentication\node_modules\express\lib\router\layer.js:95:5)
    at next (D:\Project\Development\Runing-work\JWT_Authentication\node_modules\express\lib\router\route.js:149:13)
    at Route.dispatch (D:\Project\Development\Runing-work\JWT_Authentication\node_modules\express\lib\router\route.js:119:3)
    at Layer.handle [as handle_request] (D:\Project\Development\Runing-work\JWT_Authentication\node_modules\express\lib\router\layer.js:95:5)
    at D:\Project\Development\Runing-work\JWT_Authentication\node_modules\express\lib\router\index.js:284:15
    at Function.process_params (D:\Project\Development\Runing-work\JWT_Authentication\node_modules\express\lib\router\index.js:346:12)
    at next (D:\Project\Development\Runing-work\JWT_Authentication\node_modules\express\lib\router\index.js:280:10)
    at Function.handle (D:\Project\Development\Runing-work\JWT_Authentication\node_modules\express\lib\router\index.js:175:3)
    at router (D:\Project\Development\Runing-work\JWT_Authentication\node_modules\express\lib\router\index.js:47:12)||Sun Sep 29 2024 17:54:21 GMT+0600 (Bangladesh Standard Time)
Cannot read properties of undefined (reading 'email')||TypeError: Cannot read properties of undefined (reading 'email')
    at AuthVerification (D:\Project\Development\Runing-work\JWT_Authentication\App\middlewares\AuthVerification.js:11:33)
    at Layer.handle [as handle_request] (D:\Project\Development\Runing-work\JWT_Authentication\node_modules\express\lib\router\layer.js:95:5)
    at next (D:\Project\Development\Runing-work\JWT_Authentication\node_modules\express\lib\router\route.js:149:13)
    at Route.dispatch (D:\Project\Development\Runing-work\JWT_Authentication\node_modules\express\lib\router\route.js:119:3)
    at Layer.handle [as handle_request] (D:\Project\Development\Runing-work\JWT_Authentication\node_modules\express\lib\router\layer.js:95:5)
    at D:\Project\Development\Runing-work\JWT_Authentication\node_modules\express\lib\router\index.js:284:15
    at Function.process_params (D:\Project\Development\Runing-work\JWT_Authentication\node_modules\express\lib\router\index.js:346:12)
    at next (D:\Project\Development\Runing-work\JWT_Authentication\node_modules\express\lib\router\index.js:280:10)
    at Function.handle (D:\Project\Development\Runing-work\JWT_Authentication\node_modules\express\lib\router\index.js:175:3)
    at router (D:\Project\Development\Runing-work\JWT_Authentication\node_modules\express\lib\router\index.js:47:12)||Sun Sep 29 2024 17:54:49 GMT+0600 (Bangladesh Standard Time)
Cannot read properties of undefined (reading 'password')||TypeError: Cannot read properties of undefined (reading 'password')
    at AuthVerification (D:\Project\Development\Runing-work\JWT_Authentication\App\middlewares\AuthVerification.js:11:44)
    at Layer.handle [as handle_request] (D:\Project\Development\Runing-work\JWT_Authentication\node_modules\express\lib\router\layer.js:95:5)
    at next (D:\Project\Development\Runing-work\JWT_Authentication\node_modules\express\lib\router\route.js:149:13)
    at Route.dispatch (D:\Project\Development\Runing-work\JWT_Authentication\node_modules\express\lib\router\route.js:119:3)
    at Layer.handle [as handle_request] (D:\Project\Development\Runing-work\JWT_Authentication\node_modules\express\lib\router\layer.js:95:5)
    at D:\Project\Development\Runing-work\JWT_Authentication\node_modules\express\lib\router\index.js:284:15
    at Function.process_params (D:\Project\Development\Runing-work\JWT_Authentication\node_modules\express\lib\router\index.js:346:12)
    at next (D:\Project\Development\Runing-work\JWT_Authentication\node_modules\express\lib\router\index.js:280:10)
    at Function.handle (D:\Project\Development\Runing-work\JWT_Authentication\node_modules\express\lib\router\index.js:175:3)
    at router (D:\Project\Development\Runing-work\JWT_Authentication\node_modules\express\lib\router\index.js:47:12)||Sun Sep 29 2024 17:58:19 GMT+0600 (Bangladesh Standard Time)
Cannot read properties of undefined (reading 'password')||TypeError: Cannot read properties of undefined (reading 'password')
    at AuthVerification (D:\Project\Development\Runing-work\JWT_Authentication\App\middlewares\AuthVerification.js:11:44)
    at Layer.handle [as handle_request] (D:\Project\Development\Runing-work\JWT_Authentication\node_modules\express\lib\router\layer.js:95:5)
    at next (D:\Project\Development\Runing-work\JWT_Authentication\node_modules\express\lib\router\route.js:149:13)
    at Route.dispatch (D:\Project\Development\Runing-work\JWT_Authentication\node_modules\express\lib\router\route.js:119:3)
    at Layer.handle [as handle_request] (D:\Project\Development\Runing-work\JWT_Authentication\node_modules\express\lib\router\layer.js:95:5)
    at D:\Project\Development\Runing-work\JWT_Authentication\node_modules\express\lib\router\index.js:284:15
    at Function.process_params (D:\Project\Development\Runing-work\JWT_Authentication\node_modules\express\lib\router\index.js:346:12)
    at next (D:\Project\Development\Runing-work\JWT_Authentication\node_modules\express\lib\router\index.js:280:10)
    at Function.handle (D:\Project\Development\Runing-work\JWT_Authentication\node_modules\express\lib\router\index.js:175:3)
    at router (D:\Project\Development\Runing-work\JWT_Authentication\node_modules\express\lib\router\index.js:47:12)||Sun Sep 29 2024 17:58:30 GMT+0600 (Bangladesh Standard Time)
Cannot read properties of null (reading 'email')||TypeError: Cannot read properties of null (reading 'email')
    at AuthVerification (D:\Project\Development\Runing-work\JWT_Authentication\App\middlewares\AuthVerification.js:11:31)
    at Layer.handle [as handle_request] (D:\Project\Development\Runing-work\JWT_Authentication\node_modules\express\lib\router\layer.js:95:5)
    at next (D:\Project\Development\Runing-work\JWT_Authentication\node_modules\express\lib\router\route.js:149:13)
    at Route.dispatch (D:\Project\Development\Runing-work\JWT_Authentication\node_modules\express\lib\router\route.js:119:3)
    at Layer.handle [as handle_request] (D:\Project\Development\Runing-work\JWT_Authentication\node_modules\express\lib\router\layer.js:95:5)
    at D:\Project\Development\Runing-work\JWT_Authentication\node_modules\express\lib\router\index.js:284:15
    at Function.process_params (D:\Project\Development\Runing-work\JWT_Authentication\node_modules\express\lib\router\index.js:346:12)
    at next (D:\Project\Development\Runing-work\JWT_Authentication\node_modules\express\lib\router\index.js:280:10)
    at Function.handle (D:\Project\Development\Runing-work\JWT_Authentication\node_modules\express\lib\router\index.js:175:3)
    at router (D:\Project\Development\Runing-work\JWT_Authentication\node_modules\express\lib\router\index.js:47:12)||Sun Sep 29 2024 20:30:36 GMT+0600 (Bangladesh Standard Time)
Cannot read properties of null (reading 'email')||TypeError: Cannot read properties of null (reading 'email')
    at AuthVerification (D:\Project\Development\Runing-work\JWT_Authentication\App\middlewares\AuthVerification.js:11:31)
    at Layer.handle [as handle_request] (D:\Project\Development\Runing-work\JWT_Authentication\node_modules\express\lib\router\layer.js:95:5)
    at next (D:\Project\Development\Runing-work\JWT_Authentication\node_modules\express\lib\router\route.js:149:13)
    at Route.dispatch (D:\Project\Development\Runing-work\JWT_Authentication\node_modules\express\lib\router\route.js:119:3)
    at Layer.handle [as handle_request] (D:\Project\Development\Runing-work\JWT_Authentication\node_modules\express\lib\router\layer.js:95:5)
    at D:\Project\Development\Runing-work\JWT_Authentication\node_modules\express\lib\router\index.js:284:15
    at Function.process_params (D:\Project\Development\Runing-work\JWT_Authentication\node_modules\express\lib\router\index.js:346:12)
    at next (D:\Project\Development\Runing-work\JWT_Authentication\node_modules\express\lib\router\index.js:280:10)
    at Function.handle (D:\Project\Development\Runing-work\JWT_Authentication\node_modules\express\lib\router\index.js:175:3)
    at router (D:\Project\Development\Runing-work\JWT_Authentication\node_modules\express\lib\router\index.js:47:12)||Sun Sep 29 2024 20:31:30 GMT+0600 (Bangladesh Standard Time)
